<?xml version="1.0" encoding="utf-8"?><testsuites name="pytest tests"><testsuite name="pytest" errors="0" failures="0" skipped="0" tests="5" time="2.952" timestamp="2026-09-02T18:54:04.964036+00:00" hostname="agent-env-748d1245-5fe1-43af-9a45-c08c22df025b"><testcase classname="tests.test_pan_aadhaar_uniqueness" name="test_anchor_created_successfully" time="0.996" /><testcase classname="tests.test_pan_aadhaar_uniqueness" name="test_pan_conflict_returns_409_masked_mobile" time="0.398" /><testcase classname="tests.test_pan_aadhaar_uniqueness" name="test_aadhaar_conflict_returns_409_masked_mobile" time="0.437" /><testcase classname="tests.test_pan_aadhaar_uniqueness" name="test_self_update_succeeds" time="0.404" /><testcase classname="tests.test_pan_aadhaar_uniqueness" name="test_fresh_user_unique_pan_aadhaar_succeeds" time="0.498" /></testsuite></testsuites>