<?xml version="1.0" encoding="utf-8"?><testsuites name="pytest tests"><testsuite name="pytest" errors="0" failures="0" skipped="0" tests="6" time="4.756" timestamp="2026-09-02T18:22:44.619876+00:00" hostname="agent-env-748d1245-5fe1-43af-9a45-c08c22df025b"><testcase classname="tests.test_password_login.TestOtpRegression" name="test_otp_login_flow" time="0.698" /><testcase classname="tests.test_password_login.TestPasswordLogin" name="test_correct_credentials" time="0.789" /><testcase classname="tests.test_password_login.TestPasswordLogin" name="test_wrong_password" time="0.307" /><testcase classname="tests.test_password_login.TestPasswordLogin" name="test_no_password_set" time="0.134" /><testcase classname="tests.test_password_login.TestPasswordLogin" name="test_invalid_mobile_format" time="0.052" /><testcase classname="tests.test_password_login.TestPasswordLogin" name="test_token_authorizes_users_me" time="0.306" /></testsuite></testsuites>