<?xml version="1.0" encoding="utf-8"?><testsuites name="pytest tests"><testsuite name="pytest" errors="0" failures="1" skipped="0" tests="21" time="11.641" timestamp="2026-09-02T17:49:28.577507+00:00" hostname="agent-env-748d1245-5fe1-43af-9a45-c08c22df025b"><testcase classname="tests.backend_test.TestAuth" name="test_login_new_mobile" time="0.698" /><testcase classname="tests.backend_test.TestAuth" name="test_login_invalid_mobile_short" time="0.114" /><testcase classname="tests.backend_test.TestAuth" name="test_login_invalid_mobile_nonnumeric" time="0.191" /><testcase classname="tests.backend_test.TestAuth" name="test_otp_verify_wrong" time="0.265" /><testcase classname="tests.backend_test.TestAuth" name="test_otp_verify_correct_returns_token" time="0.302" /><testcase classname="tests.backend_test.TestAuth" name="test_register_completes_and_relogin_registered_true" time="1.772" /><testcase classname="tests.backend_test.TestUsers" name="test_me_with_token" time="1.866" /><testcase classname="tests.backend_test.TestUsers" name="test_me_without_token" time="0.182"><failure message="AssertionError: &#10;assert 403 == 401&#10; +  where 403 = &lt;Response [403]&gt;.status_code">backend/tests/backend_test.py:189: in test_me_without_token
    assert r.status_code == 401, r.text
E   AssertionError: 
E   assert 403 == 401
E    +  where 403 = &lt;Response [403]&gt;.status_code</failure></testcase><testcase classname="tests.backend_test.TestUsers" name="test_list_users_forbidden_for_user" time="0.209" /><testcase classname="tests.backend_test" name="test_health" time="0.158" /><testcase classname="tests.backend_test" name="test_cors_preflight" time="0.181" /><testcase classname="tests.backend_test.TestUsers" name="test_list_users_admin_ok" time="1.580" /><testcase classname="tests.backend_test.TestNotifications" name="test_create_user_forbidden" time="0.237" /><testcase classname="tests.backend_test.TestNotifications" name="test_admin_create_and_user_list_and_read" time="1.069" /><testcase classname="tests.backend_test.TestGST" name="test_gst_crud_and_isolation" time="2.962" /><testcase classname="tests.backend_test.TestTDS" name="test_tds_crud" time="2.119" /><testcase classname="tests.backend_test.TestITR" name="test_itr_crud_and_isolation" time="1.377" /><testcase classname="tests.backend_test.TestLoan" name="test_loan_flow" time="0.737" /><testcase classname="tests.backend_test.TestInsurance" name="test_insurance_crud" time="1.036" /><testcase classname="tests.backend_test.TestDocuments" name="test_upload_download_delete" time="0.944" /><testcase classname="tests.backend_test.TestPayments" name="test_initiate_and_callback" time="0.552" /></testsuite></testsuites>